=== ENAJU-GCPJ | Setup do Ambiente ===
Iniciado em: 2026-05-05 16:41:25 

here() starts at C:/Users/Adm/OneDrive/Documentos/GitHub/enaju-gcpj
[OK] .env carregado

Verificando pacotes...
[OK] Todos os pacotes CRAN já instalados
[OK] Pacotes carregados

--- Verificação de Credenciais ---
[OK]     SCOPUS_API_KEY : configurada
[INFO]   SCOPUS_INST_TOKEN : não configurada (opcional)
[OK]     SEMANTIC_SCHOLAR_API_KEY : configurada
[OK]     CROSSREF_EMAIL : configurada
[OK]     OPENALEX_EMAIL : configurada
[INFO]   SCIELO_EMAIL : não configurada (opcional)
[OK] rscopus configurado
[OK] openalexR polite pool configurado

--- Estrutura de Diretórios ---
[OK]     data/raw/corpus_A 
[OK]     data/raw/corpus_B 
[OK]     data/raw/corpus_C 
[OK]     data/raw/corpus_D 
[OK]     data/raw/semantic_scholar 
[OK]     data/raw/crossref 
[OK]     data/raw/scielo 
[OK]     data/processed 
[OK]     data/outputs/figures 
[OK]     data/outputs/tables 
[OK]     data/outputs/networks 
[OK]     logs 
- **[2026-05-05 16:41:28]** [00_setup] Setup concluído com sucesso 

[OK] Queries de busca definidas e salvas

Setup finalizado. Próximo passo: execute 01_collect_scopus.R
- **[2026-05-05 16:41:28]** [02_collect_openalex] Iniciando coleta OpenAlex 

--- Coletando Corpus A via OpenAlex ---
Requesting url:
<https://api.openalex.org/works?search=%22corporate%20education%22%20OR%20%22corporate%20university%22%20OR%20%22corporate%20learning%22%20OR%20%22workplace%20learning%22%20OR%20%22organizational%20learning%22%20OR%20%22human%20resource%20development%22&select=id%2Cdoi%2Ctitle%2Cdisplay_name%2Cpublication_year%2Cpublication_date%2Ctype%2Ccited_by_count%2Cauthorships%2Cprimary_location%2Copen_access%2Cconcepts%2Ckeywords%2Cabstract_inverted_index%2Creferenced_works_count%2Ccounts_by_year>
ℹ Getting 1315 pages of results with a total of 262985 records...
⠙ OpenAlex downloading [2/1315] ■                                  0% ETA: 30m
⠹ OpenAlex downloading [3/1315] ■                                  0% ETA: 37m
⠸ OpenAlex downloading [5/1315] ■                                  0% ETA: 44m
⠼ OpenAlex downloading [6/1315] ■                                  0% ETA: 48m
⠴ OpenAlex downloading [7/1315] ■                                  1% ETA:  1h
⠦ OpenAlex downloading [8/1315] ■                                  1% ETA:  1h
⠧ OpenAlex downloading [9/1315] ■                                  1% ETA:  1h
⠇ OpenAlex downloading [10/1315] ■                                  1% ETA:  1h
⠏ OpenAlex downloading [11/1315] ■                                  1% ETA:  1h
⠋ OpenAlex downloading [12/1315] ■                                  1% ETA:  1h
⠙ OpenAlex downloading [14/1315] ■                                  1% ETA:  1h
⠹ OpenAlex downloading [15/1315] ■                                  1% ETA:  1h
⠸ OpenAlex downloading [16/1315] ■                                  1% ETA:  1h
⠼ OpenAlex downloading [18/1315] ■                                  1% ETA:  1h
⠴ OpenAlex downloading [19/1315] ■                                  1% ETA:  1h
⠦ OpenAlex downloading [20/1315] ■                                  2% ETA:  1h
⠧ OpenAlex downloading [21/1315] ■                                  2% ETA:  1h
⠇ OpenAlex downloading [23/1315] ■■                                 2% ETA:  1h
⠏ OpenAlex downloading [24/1315] ■■                                 2% ETA:  1h
⠋ OpenAlex downloading [25/1315] ■■                                 2% ETA:  1h
⠙ OpenAlex downloading [26/1315] ■■                                 2% ETA:  1h
⠹ OpenAlex downloading [27/1315] ■■                                 2% ETA:  1h
⠸ OpenAlex downloading [28/1315] ■■                                 2% ETA:  1h
⠼ OpenAlex downloading [29/1315] ■■                                 2% ETA:  1h
⠴ OpenAlex downloading [30/1315] ■■                                 2% ETA:  1h
⠦ OpenAlex downloading [32/1315] ■■                                 2% ETA:  1h
⠧ OpenAlex downloading [33/1315] ■■                                 3% ETA:  1h
⠇ OpenAlex downloading [34/1315] ■■                                 3% ETA:  1h
⠏ OpenAlex downloading [35/1315] ■■                                 3% ETA:  1h
⠋ OpenAlex downloading [36/1315] ■■                                 3% ETA:  1h
⠙ OpenAlex downloading [37/1315] ■■                                 3% ETA:  1h
⠹ OpenAlex downloading [38/1315] ■■                                 3% ETA:  1h
⠸ OpenAlex downloading [39/1315] ■■                                 3% ETA:  1h
⠼ OpenAlex downloading [40/1315] ■■                                 3% ETA:  1h
⠴ OpenAlex downloading [41/1315] ■■                                 3% ETA:  1h
⠦ OpenAlex downloading [42/1315] ■■                                 3% ETA:  1h
⠧ OpenAlex downloading [43/1315] ■■                                 3% ETA:  1h
⠇ OpenAlex downloading [44/1315] ■■                                 3% ETA:  1h
⠏ OpenAlex downloading [45/1315] ■■                                 3% ETA:  1h
⠋ OpenAlex downloading [46/1315] ■■                                 3% ETA:  1h
⠙ OpenAlex downloading [47/1315] ■■                                 4% ETA:  1h
⠹ OpenAlex downloading [48/1315] ■■                                 4% ETA:  1h
⠸ OpenAlex downloading [50/1315] ■■                                 4% ETA:  1h
⠼ OpenAlex downloading [51/1315] ■■                                 4% ETA:  1h
⠴ OpenAlex downloading [52/1315] ■■                                 4% ETA:  1h
⠦ OpenAlex downloading [53/1315] ■■                                 4% ETA:  1h
⠧ OpenAlex downloading [54/1315] ■■                                 4% ETA:  1h
⠇ OpenAlex downloading [55/1315] ■■                                 4% ETA:  1h
⠏ OpenAlex downloading [57/1315] ■■                                 4% ETA:  1h
⠋ OpenAlex downloading [59/1315] ■■                                 4% ETA:  1h
⠙ OpenAlex downloading [60/1315] ■■                                 5% ETA:  1h
⠹ OpenAlex downloading [61/1315] ■■                                 5% ETA:  1h
⠸ OpenAlex downloading [63/1315] ■■                                 5% ETA:  1h
⠼ OpenAlex downloading [64/1315] ■■                                 5% ETA:  1h
⠴ OpenAlex downloading [65/1315] ■■                                 5% ETA:  1h
⠦ OpenAlex downloading [66/1315] ■■■                                5% ETA:  1h
⠧ OpenAlex downloading [67/1315] ■■■                                5% ETA:  1h
⠇ OpenAlex downloading [68/1315] ■■■                                5% ETA:  1h
⠏ OpenAlex downloading [70/1315] ■■■                                5% ETA:  1h
⠋ OpenAlex downloading [71/1315] ■■■                                5% ETA:  1h
⠙ OpenAlex downloading [72/1315] ■■■                                5% ETA:  1h
⠹ OpenAlex downloading [73/1315] ■■■                                6% ETA:  1h
⠸ OpenAlex downloading [74/1315] ■■■                                6% ETA:  1h
⠼ OpenAlex downloading [75/1315] ■■■                                6% ETA:  1h
⠴ OpenAlex downloading [76/1315] ■■■                                6% ETA:  1h
⠦ OpenAlex downloading [78/1315] ■■■                                6% ETA:  1h
⠧ OpenAlex downloading [79/1315] ■■■                                6% ETA:  1h
⠇ OpenAlex downloading [80/1315] ■■■                                6% ETA:  1h
⠏ OpenAlex downloading [81/1315] ■■■                                6% ETA:  1h
⠋ OpenAlex downloading [82/1315] ■■■                                6% ETA:  1h
⠙ OpenAlex downloading [84/1315] ■■■                                6% ETA:  1h
⠹ OpenAlex downloading [85/1315] ■■■                                6% ETA:  1h
⠸ OpenAlex downloading [86/1315] ■■■                                7% ETA:  1h
⠼ OpenAlex downloading [87/1315] ■■■                                7% ETA:  1h
⠴ OpenAlex downloading [88/1315] ■■■                                7% ETA:  1h
⠦ OpenAlex downloading [89/1315] ■■■                                7% ETA:  1h
⠧ OpenAlex downloading [91/1315] ■■■                                7% ETA:  1h
⠇ OpenAlex downloading [92/1315] ■■■                                7% ETA:  1h
⠏ OpenAlex downloading [93/1315] ■■■                                7% ETA:  1h
⠋ OpenAlex downloading [94/1315] ■■■                                7% ETA:  1h
⠙ OpenAlex downloading [95/1315] ■■■                                7% ETA:  1h
⠹ OpenAlex downloading [96/1315] ■■■                                7% ETA:  1h
⠸ OpenAlex downloading [98/1315] ■■■                                7% ETA:  1h
⠼ OpenAlex downloading [99/1315] ■■■                                8% ETA:  1h
⠴ OpenAlex downloading [100/1315] ■■■                                8% ETA:  1h
⠦ OpenAlex downloading [101/1315] ■■■                                8% ETA:  1h
⠧ OpenAlex downloading [102/1315] ■■■                                8% ETA:  1h
⠇ OpenAlex downloading [104/1315] ■■■                                8% ETA:  1h
⠏ OpenAlex downloading [105/1315] ■■■                                8% ETA:  1h
⠋ OpenAlex downloading [106/1315] ■■■                                8% ETA:  1h
⠙ OpenAlex downloading [107/1315] ■■■                                8% ETA:  1h
⠹ OpenAlex downloading [108/1315] ■■■                                8% ETA:  1h
⠸ OpenAlex downloading [109/1315] ■■■                                8% ETA:  1h
⠼ OpenAlex downloading [111/1315] ■■■■                               8% ETA:  1h
⠴ OpenAlex downloading [112/1315] ■■■■                               9% ETA:  1h
⠦ OpenAlex downloading [113/1315] ■■■■                               9% ETA:  1h
⠧ OpenAlex downloading [114/1315] ■■■■                               9% ETA:  1h
⠇ OpenAlex downloading [115/1315] ■■■■                               9% ETA:  1h
⠏ OpenAlex downloading [117/1315] ■■■■                               9% ETA:  1h
⠋ OpenAlex downloading [118/1315] ■■■■                               9% ETA:  1h
⠙ OpenAlex downloading [119/1315] ■■■■                               9% ETA:  1h
⠹ OpenAlex downloading [120/1315] ■■■■                               9% ETA:  1h
⠸ OpenAlex downloading [122/1315] ■■■■                               9% ETA:  1h
⠼ OpenAlex downloading [123/1315] ■■■■                               9% ETA:  1h
⠴ OpenAlex downloading [124/1315] ■■■■                               9% ETA:  1h
⠦ OpenAlex downloading [125/1315] ■■■■                              10% ETA:  1h
⠧ OpenAlex downloading [126/1315] ■■■■                              10% ETA:  1h
⠇ OpenAlex downloading [128/1315] ■■■■                              10% ETA:  1h
⠏ OpenAlex downloading [129/1315] ■■■■                              10% ETA:  1h
⠋ OpenAlex downloading [130/1315] ■■■■                              10% ETA:  1h
⠙ OpenAlex downloading [131/1315] ■■■■                              10% ETA:  1h
⠹ OpenAlex downloading [132/1315] ■■■■                              10% ETA:  1h
⠸ OpenAlex downloading [133/1315] ■■■■                              10% ETA:  1h
⠼ OpenAlex downloading [135/1315] ■■■■                              10% ETA:  1h
⠴ OpenAlex downloading [136/1315] ■■■■                              10% ETA:  1h
⠦ OpenAlex downloading [138/1315] ■■■■                              10% ETA:  1h
⠧ OpenAlex downloading [139/1315] ■■■■                              11% ETA:  1h
⠇ OpenAlex downloading [140/1315] ■■■■                              11% ETA:  1h
⠏ OpenAlex downloading [142/1315] ■■■■                              11% ETA:  1h
⠋ OpenAlex downloading [143/1315] ■■■■                              11% ETA:  1h
⠙ OpenAlex downloading [144/1315] ■■■■                              11% ETA:  1h
⠹ OpenAlex downloading [146/1315] ■■■■                              11% ETA:  1h
⠸ OpenAlex downloading [147/1315] ■■■■                              11% ETA:  1h
⠼ OpenAlex downloading [148/1315] ■■■■                              11% ETA:  1h
⠴ OpenAlex downloading [149/1315] ■■■■                              11% ETA:  1h
⠦ OpenAlex downloading [151/1315] ■■■■                              11% ETA:  1h
⠧ OpenAlex downloading [152/1315] ■■■■                              12% ETA:  1h
⠇ OpenAlex downloading [153/1315] ■■■■                              12% ETA:  1h
⠏ OpenAlex downloading [154/1315] ■■■■■                             12% ETA:  1h
⠋ OpenAlex downloading [156/1315] ■■■■■                             12% ETA:  1h
⠙ OpenAlex downloading [157/1315] ■■■■■                             12% ETA:  1h
⠹ OpenAlex downloading [158/1315] ■■■■■                             12% ETA:  1h
⠸ OpenAlex downloading [160/1315] ■■■■■                             12% ETA:  1h
⠼ OpenAlex downloading [161/1315] ■■■■■                             12% ETA:  1h
⠴ OpenAlex downloading [162/1315] ■■■■■                             12% ETA:  1h
⠦ OpenAlex downloading [164/1315] ■■■■■                             12% ETA:  1h
⠧ OpenAlex downloading [165/1315] ■■■■■                             13% ETA:  1h
⠇ OpenAlex downloading [166/1315] ■■■■■                             13% ETA:  1h
⠏ OpenAlex downloading [167/1315] ■■■■■                             13% ETA:  1h
⠋ OpenAlex downloading [168/1315] ■■■■■                             13% ETA:  1h
⠙ OpenAlex downloading [169/1315] ■■■■■                             13% ETA:  1h
⠹ OpenAlex downloading [171/1315] ■■■■■                             13% ETA:  1h
⠸ OpenAlex downloading [172/1315] ■■■■■                             13% ETA:  1h
⠼ OpenAlex downloading [173/1315] ■■■■■                             13% ETA:  1h
⠴ OpenAlex downloading [175/1315] ■■■■■                             13% ETA:  1h
⠦ OpenAlex downloading [176/1315] ■■■■■                             13% ETA:  1h
⠧ OpenAlex downloading [177/1315] ■■■■■                             13% ETA:  1h
⠇ OpenAlex downloading [179/1315] ■■■■■                             14% ETA:  1h
⠏ OpenAlex downloading [180/1315] ■■■■■                             14% ETA:  1h
⠋ OpenAlex downloading [181/1315] ■■■■■                             14% ETA:  1h
⠙ OpenAlex downloading [182/1315] ■■■■■                             14% ETA:  1h
⠹ OpenAlex downloading [184/1315] ■■■■■                             14% ETA:  1h
⠸ OpenAlex downloading [185/1315] ■■■■■                             14% ETA:  1h
⠼ OpenAlex downloading [186/1315] ■■■■■                             14% ETA:  1h
⠴ OpenAlex downloading [188/1315] ■■■■■                             14% ETA:  1h
⠦ OpenAlex downloading [189/1315] ■■■■■                             14% ETA: 50m
⠧ OpenAlex downloading [190/1315] ■■■■■                             14% ETA: 50m
⠇ OpenAlex downloading [191/1315] ■■■■■                             15% ETA: 50m
⠏ OpenAlex downloading [193/1315] ■■■■■                             15% ETA: 50m
⠋ OpenAlex downloading [194/1315] ■■■■■                             15% ETA: 50m
⠙ OpenAlex downloading [195/1315] ■■■■■                             15% ETA: 49m
⠹ OpenAlex downloading [196/1315] ■■■■■                             15% ETA: 49m
⠸ OpenAlex downloading [198/1315] ■■■■■■                            15% ETA: 49m
⠼ OpenAlex downloading [199/1315] ■■■■■■                            15% ETA: 49m
⠴ OpenAlex downloading [200/1315] ■■■■■■                            15% ETA: 49m
⠦ OpenAlex downloading [201/1315] ■■■■■■                            15% ETA: 49m
⠧ OpenAlex downloading [203/1315] ■■■■■■                            15% ETA: 49m
⠇ OpenAlex downloading [204/1315] ■■■■■■                            16% ETA: 49m
⠏ OpenAlex downloading [205/1315] ■■■■■■                            16% ETA: 49m
⠋ OpenAlex downloading [207/1315] ■■■■■■                            16% ETA: 49m
⠙ OpenAlex downloading [208/1315] ■■■■■■                            16% ETA: 49m
⠹ OpenAlex downloading [209/1315] ■■■■■■                            16% ETA: 49m
⠸ OpenAlex downloading [210/1315] ■■■■■■                            16% ETA: 49m
⠼ OpenAlex downloading [211/1315] ■■■■■■                            16% ETA: 49m
⠴ OpenAlex downloading [212/1315] ■■■■■■                            16% ETA: 49m
⠦ OpenAlex downloading [214/1315] ■■■■■■                            16% ETA: 49m
⠧ OpenAlex downloading [215/1315] ■■■■■■                            16% ETA: 49m
⠇ OpenAlex downloading [216/1315] ■■■■■■                            16% ETA: 48m
⠏ OpenAlex downloading [217/1315] ■■■■■■                            17% ETA: 48m
⠋ OpenAlex downloading [218/1315] ■■■■■■                            17% ETA: 48m
⠙ OpenAlex downloading [220/1315] ■■■■■■                            17% ETA: 48m
⠹ OpenAlex downloading [221/1315] ■■■■■■                            17% ETA: 48m
⠸ OpenAlex downloading [222/1315] ■■■■■■                            17% ETA: 48m
⠼ OpenAlex downloading [223/1315] ■■■■■■                            17% ETA: 48m
⠴ OpenAlex downloading [224/1315] ■■■■■■                            17% ETA: 48m
⠦ OpenAlex downloading [226/1315] ■■■■■■                            17% ETA: 48m
⠧ OpenAlex downloading [227/1315] ■■■■■■                            17% ETA: 48m
⠇ OpenAlex downloading [228/1315] ■■■■■■                            17% ETA: 48m
⠏ OpenAlex downloading [229/1315] ■■■■■■                            17% ETA: 48m
⠋ OpenAlex downloading [230/1315] ■■■■■■                            17% ETA: 48m
⠙ OpenAlex downloading [232/1315] ■■■■■■                            18% ETA: 48m
⠹ OpenAlex downloading [233/1315] ■■■■■■                            18% ETA: 48m
⠸ OpenAlex downloading [234/1315] ■■■■■■                            18% ETA: 47m
⠼ OpenAlex downloading [235/1315] ■■■■■■                            18% ETA: 47m
⠴ OpenAlex downloading [236/1315] ■■■■■■                            18% ETA: 47m
⠦ OpenAlex downloading [237/1315] ■■■■■■                            18% ETA: 47m
⠧ OpenAlex downloading [239/1315] ■■■■■■                            18% ETA: 47m
⠇ OpenAlex downloading [240/1315] ■■■■■■                            18% ETA: 47m
⠏ OpenAlex downloading [241/1315] ■■■■■■                            18% ETA: 47m
⠋ OpenAlex downloading [242/1315] ■■■■■■■                           18% ETA: 47m
⠙ OpenAlex downloading [243/1315] ■■■■■■■                           18% ETA: 47m
⠹ OpenAlex downloading [245/1315] ■■■■■■■                           19% ETA: 47m
⠸ OpenAlex downloading [246/1315] ■■■■■■■                           19% ETA: 47m
⠼ OpenAlex downloading [247/1315] ■■■■■■■                           19% ETA: 47m
⠴ OpenAlex downloading [248/1315] ■■■■■■■                           19% ETA: 47m
⠦ OpenAlex downloading [249/1315] ■■■■■■■                           19% ETA: 47m
⠧ OpenAlex downloading [250/1315] ■■■■■■■                           19% ETA: 47m
⠇ OpenAlex downloading [251/1315] ■■■■■■■                           19% ETA: 47m
⠏ OpenAlex downloading [253/1315] ■■■■■■■                           19% ETA: 47m
⠋ OpenAlex downloading [254/1315] ■■■■■■■                           19% ETA: 46m
⠙ OpenAlex downloading [255/1315] ■■■■■■■                           19% ETA: 46m
⠹ OpenAlex downloading [256/1315] ■■■■■■■                           19% ETA: 46m
⠸ OpenAlex downloading [258/1315] ■■■■■■■                           20% ETA: 46m
⠼ OpenAlex downloading [259/1315] ■■■■■■■                           20% ETA: 46m
⠴ OpenAlex downloading [260/1315] ■■■■■■■                           20% ETA: 46m
⠦ OpenAlex downloading [261/1315] ■■■■■■■                           20% ETA: 46m
⠧ OpenAlex downloading [262/1315] ■■■■■■■                           20% ETA: 46m
⠇ OpenAlex downloading [264/1315] ■■■■■■■                           20% ETA: 46m
⠏ OpenAlex downloading [265/1315] ■■■■■■■                           20% ETA: 46m
⠋ OpenAlex downloading [266/1315] ■■■■■■■                           20% ETA: 46m
⠙ OpenAlex downloading [267/1315] ■■■■■■■                           20% ETA: 46m
⠹ OpenAlex downloading [269/1315] ■■■■■■■                           20% ETA: 46m
⠸ OpenAlex downloading [270/1315] ■■■■■■■                           21% ETA: 46m
⠼ OpenAlex downloading [271/1315] ■■■■■■■                           21% ETA: 46m
⠴ OpenAlex downloading [272/1315] ■■■■■■■                           21% ETA: 46m
⠦ OpenAlex downloading [273/1315] ■■■■■■■                           21% ETA: 46m
⠧ OpenAlex downloading [274/1315] ■■■■■■■                           21% ETA: 45m
⠇ OpenAlex downloading [276/1315] ■■■■■■■                           21% ETA: 45m
⠏ OpenAlex downloading [277/1315] ■■■■■■■                           21% ETA: 45m
⠋ OpenAlex downloading [278/1315] ■■■■■■■                           21% ETA: 45m
⠙ OpenAlex downloading [279/1315] ■■■■■■■                           21% ETA: 45m
⠹ OpenAlex downloading [280/1315] ■■■■■■■                           21% ETA: 45m
⠸ OpenAlex downloading [282/1315] ■■■■■■■                           21% ETA: 45m
⠼ OpenAlex downloading [283/1315] ■■■■■■■                           22% ETA: 45m
⠴ OpenAlex downloading [284/1315] ■■■■■■■                           22% ETA: 45m
⠦ OpenAlex downloading [285/1315] ■■■■■■■■                          22% ETA: 45m
⠧ OpenAlex downloading [287/1315] ■■■■■■■■                          22% ETA: 45m
⠇ OpenAlex downloading [288/1315] ■■■■■■■■                          22% ETA: 45m
⠏ OpenAlex downloading [289/1315] ■■■■■■■■                          22% ETA: 45m
⠋ OpenAlex downloading [290/1315] ■■■■■■■■                          22% ETA: 45m
⠙ OpenAlex downloading [292/1315] ■■■■■■■■                          22% ETA: 45m
⠹ OpenAlex downloading [293/1315] ■■■■■■■■                          22% ETA: 45m
⠸ OpenAlex downloading [294/1315] ■■■■■■■■                          22% ETA: 45m
⠼ OpenAlex downloading [295/1315] ■■■■■■■■                          22% ETA: 45m
⠴ OpenAlex downloading [296/1315] ■■■■■■■■                          23% ETA: 44m
⠦ OpenAlex downloading [298/1315] ■■■■■■■■                          23% ETA: 44m
⠧ OpenAlex downloading [299/1315] ■■■■■■■■                          23% ETA: 44m
⠇ OpenAlex downloading [300/1315] ■■■■■■■■                          23% ETA: 44m
⠏ OpenAlex downloading [301/1315] ■■■■■■■■                          23% ETA: 44m
⠋ OpenAlex downloading [302/1315] ■■■■■■■■                          23% ETA: 44m
⠙ OpenAlex downloading [303/1315] ■■■■■■■■                          23% ETA: 44m
⠹ OpenAlex downloading [305/1315] ■■■■■■■■                          23% ETA: 44m
⠸ OpenAlex downloading [306/1315] ■■■■■■■■                          23% ETA: 44m
⠼ OpenAlex downloading [307/1315] ■■■■■■■■                          23% ETA: 44m
⠴ OpenAlex downloading [308/1315] ■■■■■■■■                          23% ETA: 44m
⠦ OpenAlex downloading [309/1315] ■■■■■■■■                          23% ETA: 44m
⠧ OpenAlex downloading [310/1315] ■■■■■■■■                          24% ETA: 44m
⠇ OpenAlex downloading [311/1315] ■■■■■■■■                          24% ETA: 44m
⠏ OpenAlex downloading [313/1315] ■■■■■■■■                          24% ETA: 44m
⠋ OpenAlex downloading [314/1315] ■■■■■■■■                          24% ETA: 44m
⠙ OpenAlex downloading [315/1315] ■■■■■■■■                          24% ETA: 44m
⠹ OpenAlex downloading [316/1315] ■■■■■■■■                          24% ETA: 44m
⠸ OpenAlex downloading [317/1315] ■■■■■■■■                          24% ETA: 44m
⠼ OpenAlex downloading [318/1315] ■■■■■■■■                          24% ETA: 43m
⠴ OpenAlex downloading [319/1315] ■■■■■■■■                          24% ETA: 43m
⠦ OpenAlex downloading [321/1315] ■■■■■■■■                          24% ETA: 43m
⠧ OpenAlex downloading [322/1315] ■■■■■■■■                          24% ETA: 43m
⠇ OpenAlex downloading [323/1315] ■■■■■■■■                          25% ETA: 43m
⠏ OpenAlex downloading [324/1315] ■■■■■■■■                          25% ETA: 43m
⠋ OpenAlex downloading [325/1315] ■■■■■■■■                          25% ETA: 43m
⠙ OpenAlex downloading [327/1315] ■■■■■■■■                          25% ETA: 43m
⠹ OpenAlex downloading [328/1315] ■■■■■■■■                          25% ETA: 43m
⠸ OpenAlex downloading [329/1315] ■■■■■■■■■                         25% ETA: 43m
⠼ OpenAlex downloading [330/1315] ■■■■■■■■■                         25% ETA: 43m
⠴ OpenAlex downloading [331/1315] ■■■■■■■■■                         25% ETA: 43m
⠦ OpenAlex downloading [332/1315] ■■■■■■■■■                         25% ETA: 43m
⠧ OpenAlex downloading [334/1315] ■■■■■■■■■                         25% ETA: 43m
⠇ OpenAlex downloading [335/1315] ■■■■■■■■■                         25% ETA: 43m
⠏ OpenAlex downloading [336/1315] ■■■■■■■■■                         26% ETA: 43m
⠋ OpenAlex downloading [337/1315] ■■■■■■■■■                         26% ETA: 43m
⠙ OpenAlex downloading [338/1315] ■■■■■■■■■                         26% ETA: 43m
⠹ OpenAlex downloading [339/1315] ■■■■■■■■■                         26% ETA: 43m
⠸ OpenAlex downloading [340/1315] ■■■■■■■■■                         26% ETA: 43m
⠼ OpenAlex downloading [342/1315] ■■■■■■■■■                         26% ETA: 42m
⠴ OpenAlex downloading [343/1315] ■■■■■■■■■                         26% ETA: 42m
⠦ OpenAlex downloading [344/1315] ■■■■■■■■■                         26% ETA: 42m
⠧ OpenAlex downloading [345/1315] ■■■■■■■■■                         26% ETA: 42m
⠇ OpenAlex downloading [347/1315] ■■■■■■■■■                         26% ETA: 42m
⠏ OpenAlex downloading [348/1315] ■■■■■■■■■                         26% ETA: 42m
⠋ OpenAlex downloading [349/1315] ■■■■■■■■■                         27% ETA: 42m
⠙ OpenAlex downloading [350/1315] ■■■■■■■■■                         27% ETA: 42m
⠹ OpenAlex downloading [351/1315] ■■■■■■■■■                         27% ETA: 42m
⠸ OpenAlex downloading [352/1315] ■■■■■■■■■                         27% ETA: 42m
⠼ OpenAlex downloading [353/1315] ■■■■■■■■■                         27% ETA: 42m
⠴ OpenAlex downloading [354/1315] ■■■■■■■■■                         27% ETA: 42m
⠦ OpenAlex downloading [356/1315] ■■■■■■■■■                         27% ETA: 42m
⠧ OpenAlex downloading [357/1315] ■■■■■■■■■                         27% ETA: 42m
⠇ OpenAlex downloading [358/1315] ■■■■■■■■■                         27% ETA: 42m
⠏ OpenAlex downloading [359/1315] ■■■■■■■■■                         27% ETA: 42m
⠋ OpenAlex downloading [360/1315] ■■■■■■■■■                         27% ETA: 42m
⠙ OpenAlex downloading [361/1315] ■■■■■■■■■                         27% ETA: 42m
⠹ OpenAlex downloading [363/1315] ■■■■■■■■■                         28% ETA: 42m
⠸ OpenAlex downloading [364/1315] ■■■■■■■■■                         28% ETA: 42m
⠼ OpenAlex downloading [366/1315] ■■■■■■■■■                         28% ETA: 42m
⠴ OpenAlex downloading [367/1315] ■■■■■■■■■                         28% ETA: 41m
⠦ OpenAlex downloading [368/1315] ■■■■■■■■■                         28% ETA: 41m
⠧ OpenAlex downloading [369/1315] ■■■■■■■■■                         28% ETA: 41m
⠇ OpenAlex downloading [370/1315] ■■■■■■■■■                         28% ETA: 41m
⠏ OpenAlex downloading [371/1315] ■■■■■■■■■                         28% ETA: 41m
⠋ OpenAlex downloading [372/1315] ■■■■■■■■■                         28% ETA: 41m
⠙ OpenAlex downloading [374/1315] ■■■■■■■■■■                        28% ETA: 41m
⠹ OpenAlex downloading [375/1315] ■■■■■■■■■■                        29% ETA: 41m
⠸ OpenAlex downloading [376/1315] ■■■■■■■■■■                        29% ETA: 42m
⠼ OpenAlex downloading [377/1315] ■■■■■■■■■■                        29% ETA: 42m
⠴ OpenAlex downloading [378/1315] ■■■■■■■■■■                        29% ETA: 42m
⠦ OpenAlex downloading [379/1315] ■■■■■■■■■■                        29% ETA: 42m
⠧ OpenAlex downloading [380/1315] ■■■■■■■■■■                        29% ETA: 42m
⠇ OpenAlex downloading [381/1315] ■■■■■■■■■■                        29% ETA: 42m
⠏ OpenAlex downloading [382/1315] ■■■■■■■■■■                        29% ETA: 42m
⠋ OpenAlex downloading [383/1315] ■■■■■■■■■■                        29% ETA: 42m
⠙ OpenAlex downloading [384/1315] ■■■■■■■■■■                        29% ETA: 42m
⠹ OpenAlex downloading [385/1315] ■■■■■■■■■■                        29% ETA: 42m
⠸ OpenAlex downloading [386/1315] ■■■■■■■■■■                        29% ETA: 42m
⠼ OpenAlex downloading [387/1315] ■■■■■■■■■■                        29% ETA: 42m
⠴ OpenAlex downloading [389/1315] ■■■■■■■■■■                        30% ETA: 41m
⠦ OpenAlex downloading [390/1315] ■■■■■■■■■■                        30% ETA: 42m
⠧ OpenAlex downloading [392/1315] ■■■■■■■■■■                        30% ETA: 42m
⠇ OpenAlex downloading [393/1315] ■■■■■■■■■■                        30% ETA: 42m
⠏ OpenAlex downloading [394/1315] ■■■■■■■■■■                        30% ETA: 42m
⠋ OpenAlex downloading [395/1315] ■■■■■■■■■■                        30% ETA: 42m
⠙ OpenAlex downloading [396/1315] ■■■■■■■■■■                        30% ETA: 42m
⠹ OpenAlex downloading [397/1315] ■■■■■■■■■■                        30% ETA: 41m
⠸ OpenAlex downloading [398/1315] ■■■■■■■■■■                        30% ETA: 41m
⠼ OpenAlex downloading [399/1315] ■■■■■■■■■■                        30% ETA: 41m
⠴ OpenAlex downloading [400/1315] ■■■■■■■■■■                        30% ETA: 41m
⠦ OpenAlex downloading [401/1315] ■■■■■■■■■■                        30% ETA: 41m
⠧ OpenAlex downloading [402/1315] ■■■■■■■■■■                        31% ETA: 41m
⠇ OpenAlex downloading [403/1315] ■■■■■■■■■■                        31% ETA: 41m
⠏ OpenAlex downloading [404/1315] ■■■■■■■■■■                        31% ETA: 42m
⠋ OpenAlex downloading [405/1315] ■■■■■■■■■■                        31% ETA: 42m
⠙ OpenAlex downloading [406/1315] ■■■■■■■■■■                        31% ETA: 42m
⠹ OpenAlex downloading [408/1315] ■■■■■■■■■■                        31% ETA: 42m
⠸ OpenAlex downloading [409/1315] ■■■■■■■■■■                        31% ETA: 42m
⠼ OpenAlex downloading [411/1315] ■■■■■■■■■■                        31% ETA: 42m
⠴ OpenAlex downloading [412/1315] ■■■■■■■■■■                        31% ETA: 42m
⠦ OpenAlex downloading [413/1315] ■■■■■■■■■■                        31% ETA: 42m
⠧ OpenAlex downloading [414/1315] ■■■■■■■■■■                        31% ETA: 42m
⠇ OpenAlex downloading [415/1315] ■■■■■■■■■■                        32% ETA: 42m
⠏ OpenAlex downloading [416/1315] ■■■■■■■■■■                        32% ETA: 42m
⠋ OpenAlex downloading [417/1315] ■■■■■■■■■■■                       32% ETA: 42m
⠙ OpenAlex downloading [418/1315] ■■■■■■■■■■■                       32% ETA: 42m
⠹ OpenAlex downloading [419/1315] ■■■■■■■■■■■                       32% ETA: 42m
⠸ OpenAlex downloading [420/1315] ■■■■■■■■■■■                       32% ETA: 42m
⠼ OpenAlex downloading [421/1315] ■■■■■■■■■■■                       32% ETA: 41m
⠴ OpenAlex downloading [422/1315] ■■■■■■■■■■■                       32% ETA: 41m
⠦ OpenAlex downloading [424/1315] ■■■■■■■■■■■                       32% ETA: 41m
⠧ OpenAlex downloading [426/1315] ■■■■■■■■■■■                       32% ETA: 41m
⠇ OpenAlex downloading [427/1315] ■■■■■■■■■■■                       32% ETA: 41m
⠏ OpenAlex downloading [428/1315] ■■■■■■■■■■■                       33% ETA: 41m
⠋ OpenAlex downloading [429/1315] ■■■■■■■■■■■                       33% ETA: 41m
⠙ OpenAlex downloading [430/1315] ■■■■■■■■■■■                       33% ETA: 41m
⠹ OpenAlex downloading [431/1315] ■■■■■■■■■■■                       33% ETA: 41m
⠸ OpenAlex downloading [432/1315] ■■■■■■■■■■■                       33% ETA: 41m
⠼ OpenAlex downloading [433/1315] ■■■■■■■■■■■                       33% ETA: 41m
⠴ OpenAlex downloading [434/1315] ■■■■■■■■■■■                       33% ETA: 41m
⠦ OpenAlex downloading [435/1315] ■■■■■■■■■■■                       33% ETA: 41m
⠧ OpenAlex downloading [436/1315] ■■■■■■■■■■■                       33% ETA: 41m
⠇ OpenAlex downloading [437/1315] ■■■■■■■■■■■                       33% ETA: 41m
⠏ OpenAlex downloading [438/1315] ■■■■■■■■■■■                       33% ETA: 41m
⠋ OpenAlex downloading [439/1315] ■■■■■■■■■■■                       33% ETA: 41m
⠙ OpenAlex downloading [440/1315] ■■■■■■■■■■■                       33% ETA: 41m
⠹ OpenAlex downloading [441/1315] ■■■■■■■■■■■                       34% ETA: 41m
⠸ OpenAlex downloading [442/1315] ■■■■■■■■■■■                       34% ETA: 41m
⠼ OpenAlex downloading [443/1315] ■■■■■■■■■■■                       34% ETA: 41m
⠴ OpenAlex downloading [444/1315] ■■■■■■■■■■■                       34% ETA: 41m
⠦ OpenAlex downloading [445/1315] ■■■■■■■■■■■                       34% ETA: 41m
⠧ OpenAlex downloading [446/1315] ■■■■■■■■■■■                       34% ETA: 41m
⠇ OpenAlex downloading [447/1315] ■■■■■■■■■■■                       34% ETA: 41m
⠏ OpenAlex downloading [448/1315] ■■■■■■■■■■■                       34% ETA: 41m
⠋ OpenAlex downloading [450/1315] ■■■■■■■■■■■                       34% ETA: 40m
⠙ OpenAlex downloading [451/1315] ■■■■■■■■■■■                       34% ETA: 40m
⠹ OpenAlex downloading [452/1315] ■■■■■■■■■■■                       34% ETA: 40m
⠸ OpenAlex downloading [453/1315] ■■■■■■■■■■■                       34% ETA: 40m
⠼ OpenAlex downloading [454/1315] ■■■■■■■■■■■                       35% ETA: 40m
⠴ OpenAlex downloading [455/1315] ■■■■■■■■■■■                       35% ETA: 40m
⠦ OpenAlex downloading [456/1315] ■■■■■■■■■■■                       35% ETA: 40m
⠧ OpenAlex downloading [457/1315] ■■■■■■■■■■■                       35% ETA: 40m
⠇ OpenAlex downloading [458/1315] ■■■■■■■■■■■                       35% ETA: 40m
⠏ OpenAlex downloading [459/1315] ■■■■■■■■■■■                       35% ETA: 40m
⠋ OpenAlex downloading [460/1315] ■■■■■■■■■■■                       35% ETA: 40m
⠙ OpenAlex downloading [461/1315] ■■■■■■■■■■■■                      35% ETA: 40m
⠹ OpenAlex downloading [462/1315] ■■■■■■■■■■■■                      35% ETA: 40m
⠸ OpenAlex downloading [463/1315] ■■■■■■■■■■■■                      35% ETA: 40m
⠼ OpenAlex downloading [464/1315] ■■■■■■■■■■■■                      35% ETA: 40m
⠴ OpenAlex downloading [465/1315] ■■■■■■■■■■■■                      35% ETA: 40m
⠦ OpenAlex downloading [466/1315] ■■■■■■■■■■■■                      35% ETA: 40m
⠧ OpenAlex downloading [467/1315] ■■■■■■■■■■■■                      36% ETA: 40m
⠇ OpenAlex downloading [468/1315] ■■■■■■■■■■■■                      36% ETA: 40m
⠏ OpenAlex downloading [469/1315] ■■■■■■■■■■■■                      36% ETA: 40m
⠋ OpenAlex downloading [470/1315] ■■■■■■■■■■■■                      36% ETA: 40m
⠙ OpenAlex downloading [471/1315] ■■■■■■■■■■■■                      36% ETA: 40m
⠹ OpenAlex downloading [472/1315] ■■■■■■■■■■■■                      36% ETA: 40m
⠸ OpenAlex downloading [473/1315] ■■■■■■■■■■■■                      36% ETA: 40m
⠼ OpenAlex downloading [474/1315] ■■■■■■■■■■■■                      36% ETA: 40m
⠴ OpenAlex downloading [475/1315] ■■■■■■■■■■■■                      36% ETA: 40m
⠦ OpenAlex downloading [476/1315] ■■■■■■■■■■■■                      36% ETA: 40m
⠧ OpenAlex downloading [477/1315] ■■■■■■■■■■■■                      36% ETA: 40m
⠇ OpenAlex downloading [478/1315] ■■■■■■■■■■■■                      36% ETA: 40m
⠏ OpenAlex downloading [479/1315] ■■■■■■■■■■■■                      36% ETA: 40m
⠋ OpenAlex downloading [480/1315] ■■■■■■■■■■■■                      37% ETA: 40m
⠙ OpenAlex downloading [482/1315] ■■■■■■■■■■■■                      37% ETA: 40m
⠹ OpenAlex downloading [483/1315] ■■■■■■■■■■■■                      37% ETA: 40m
⠸ OpenAlex downloading [484/1315] ■■■■■■■■■■■■                      37% ETA: 40m
⠼ OpenAlex downloading [485/1315] ■■■■■■■■■■■■                      37% ETA: 40m
⠴ OpenAlex downloading [486/1315] ■■■■■■■■■■■■                      37% ETA: 40m
⠦ OpenAlex downloading [487/1315] ■■■■■■■■■■■■                      37% ETA: 40m
⠧ OpenAlex downloading [488/1315] ■■■■■■■■■■■■                      37% ETA: 40m
⠇ OpenAlex downloading [489/1315] ■■■■■■■■■■■■                      37% ETA: 40m
⠏ OpenAlex downloading [491/1315] ■■■■■■■■■■■■                      37% ETA: 40m
⠋ OpenAlex downloading [492/1315] ■■■■■■■■■■■■                      37% ETA: 40m
⠙ OpenAlex downloading [493/1315] ■■■■■■■■■■■■                      37% ETA: 40m
⠹ OpenAlex downloading [494/1315] ■■■■■■■■■■■■                      38% ETA: 40m
⠸ OpenAlex downloading [495/1315] ■■■■■■■■■■■■                      38% ETA: 40m
⠼ OpenAlex downloading [496/1315] ■■■■■■■■■■■■                      38% ETA: 40m
⠴ OpenAlex downloading [497/1315] ■■■■■■■■■■■■                      38% ETA: 40m
⠦ OpenAlex downloading [498/1315] ■■■■■■■■■■■■                      38% ETA: 40m
⠧ OpenAlex downloading [500/1315] ■■■■■■■■■■■■                      38% ETA: 39m
⠇ OpenAlex downloading [501/1315] ■■■■■■■■■■■■                      38% ETA: 39m
⠏ OpenAlex downloading [502/1315] ■■■■■■■■■■■■                      38% ETA: 39m
⠋ OpenAlex downloading [503/1315] ■■■■■■■■■■■■                      38% ETA: 39m
⠙ OpenAlex downloading [504/1315] ■■■■■■■■■■■■                      38% ETA: 39m
⠹ OpenAlex downloading [505/1315] ■■■■■■■■■■■■■                     38% ETA: 39m
⠸ OpenAlex downloading [506/1315] ■■■■■■■■■■■■■                     38% ETA: 39m
⠼ OpenAlex downloading [507/1315] ■■■■■■■■■■■■■                     39% ETA: 39m
⠴ OpenAlex downloading [509/1315] ■■■■■■■■■■■■■                     39% ETA: 39m
⠦ OpenAlex downloading [510/1315] ■■■■■■■■■■■■■                     39% ETA: 39m
⠧ OpenAlex downloading [511/1315] ■■■■■■■■■■■■■                     39% ETA: 39m
⠇ OpenAlex downloading [512/1315] ■■■■■■■■■■■■■                     39% ETA: 39m
⠏ OpenAlex downloading [513/1315] ■■■■■■■■■■■■■                     39% ETA: 39m
⠋ OpenAlex downloading [514/1315] ■■■■■■■■■■■■■                     39% ETA: 39m
⠙ OpenAlex downloading [515/1315] ■■■■■■■■■■■■■                     39% ETA: 39m
⠹ OpenAlex downloading [516/1315] ■■■■■■■■■■■■■                     39% ETA: 39m
⠸ OpenAlex downloading [517/1315] ■■■■■■■■■■■■■                     39% ETA: 39m
⠼ OpenAlex downloading [518/1315] ■■■■■■■■■■■■■                     39% ETA: 39m
⠴ OpenAlex downloading [519/1315] ■■■■■■■■■■■■■                     39% ETA: 39m
⠦ OpenAlex downloading [520/1315] ■■■■■■■■■■■■■                     40% ETA: 39m
⠧ OpenAlex downloading [522/1315] ■■■■■■■■■■■■■                     40% ETA: 39m
⠇ OpenAlex downloading [523/1315] ■■■■■■■■■■■■■                     40% ETA: 39m
⠏ OpenAlex downloading [524/1315] ■■■■■■■■■■■■■                     40% ETA: 39m
⠋ OpenAlex downloading [525/1315] ■■■■■■■■■■■■■                     40% ETA: 39m
⠙ OpenAlex downloading [526/1315] ■■■■■■■■■■■■■                     40% ETA: 39m
⠹ OpenAlex downloading [527/1315] ■■■■■■■■■■■■■                     40% ETA: 39m
⠸ OpenAlex downloading [529/1315] ■■■■■■■■■■■■■                     40% ETA: 39m
⠼ OpenAlex downloading [530/1315] ■■■■■■■■■■■■■                     40% ETA: 39m
⠴ OpenAlex downloading [531/1315] ■■■■■■■■■■■■■                     40% ETA: 39m
⠦ OpenAlex downloading [532/1315] ■■■■■■■■■■■■■                     40% ETA: 39m
⠧ OpenAlex downloading [533/1315] ■■■■■■■■■■■■■                     41% ETA: 38m
⠇ OpenAlex downloading [534/1315] ■■■■■■■■■■■■■                     41% ETA: 38m
⠏ OpenAlex downloading [535/1315] ■■■■■■■■■■■■■                     41% ETA: 38m
⠋ OpenAlex downloading [536/1315] ■■■■■■■■■■■■■                     41% ETA: 38m
⠙ OpenAlex downloading [537/1315] ■■■■■■■■■■■■■                     41% ETA: 38m
⠹ OpenAlex downloading [538/1315] ■■■■■■■■■■■■■                     41% ETA: 38m
⠸ OpenAlex downloading [540/1315] ■■■■■■■■■■■■■                     41% ETA: 38m
⠼ OpenAlex downloading [541/1315] ■■■■■■■■■■■■■                     41% ETA: 38m
⠴ OpenAlex downloading [542/1315] ■■■■■■■■■■■■■                     41% ETA: 38m
⠦ OpenAlex downloading [543/1315] ■■■■■■■■■■■■■                     41% ETA: 38m
⠧ OpenAlex downloading [544/1315] ■■■■■■■■■■■■■                     41% ETA: 38m
⠇ OpenAlex downloading [545/1315] ■■■■■■■■■■■■■                     41% ETA: 38m
⠏ OpenAlex downloading [546/1315] ■■■■■■■■■■■■■                     42% ETA: 38m
⠋ OpenAlex downloading [547/1315] ■■■■■■■■■■■■■                     42% ETA: 38m
⠙ OpenAlex downloading [548/1315] ■■■■■■■■■■■■■■                    42% ETA: 38m
⠹ OpenAlex downloading [549/1315] ■■■■■■■■■■■■■■                    42% ETA: 38m
⠸ OpenAlex downloading [550/1315] ■■■■■■■■■■■■■■                    42% ETA: 38m
⠼ OpenAlex downloading [551/1315] ■■■■■■■■■■■■■■                    42% ETA: 38m
⠴ OpenAlex downloading [552/1315] ■■■■■■■■■■■■■■                    42% ETA: 38m
⠦ OpenAlex downloading [553/1315] ■■■■■■■■■■■■■■                    42% ETA: 37m
⠧ OpenAlex downloading [554/1315] ■■■■■■■■■■■■■■                    42% ETA: 37m
⠇ OpenAlex downloading [555/1315] ■■■■■■■■■■■■■■                    42% ETA: 37m
⠏ OpenAlex downloading [556/1315] ■■■■■■■■■■■■■■                    42% ETA: 37m
⠋ OpenAlex downloading [558/1315] ■■■■■■■■■■■■■■                    42% ETA: 37m
⠙ OpenAlex downloading [559/1315] ■■■■■■■■■■■■■■                    43% ETA: 37m
⠹ OpenAlex downloading [560/1315] ■■■■■■■■■■■■■■                    43% ETA: 37m
⠸ OpenAlex downloading [561/1315] ■■■■■■■■■■■■■■                    43% ETA: 37m
⠼ OpenAlex downloading [562/1315] ■■■■■■■■■■■■■■                    43% ETA: 37m
⠴ OpenAlex downloading [564/1315] ■■■■■■■■■■■■■■                    43% ETA: 37m
⠦ OpenAlex downloading [565/1315] ■■■■■■■■■■■■■■                    43% ETA: 37m
⠧ OpenAlex downloading [566/1315] ■■■■■■■■■■■■■■                    43% ETA: 37m
⠇ OpenAlex downloading [567/1315] ■■■■■■■■■■■■■■                    43% ETA: 37m
⠏ OpenAlex downloading [568/1315] ■■■■■■■■■■■■■■                    43% ETA: 37m
⠋ OpenAlex downloading [569/1315] ■■■■■■■■■■■■■■                    43% ETA: 37m
⠙ OpenAlex downloading [570/1315] ■■■■■■■■■■■■■■                    43% ETA: 37m
⠹ OpenAlex downloading [571/1315] ■■■■■■■■■■■■■■                    43% ETA: 36m
⠸ OpenAlex downloading [572/1315] ■■■■■■■■■■■■■■                    43% ETA: 36m
⠼ OpenAlex downloading [573/1315] ■■■■■■■■■■■■■■                    44% ETA: 36m
⠴ OpenAlex downloading [574/1315] ■■■■■■■■■■■■■■                    44% ETA: 36m
⠦ OpenAlex downloading [575/1315] ■■■■■■■■■■■■■■                    44% ETA: 36m
⠧ OpenAlex downloading [577/1315] ■■■■■■■■■■■■■■                    44% ETA: 36m
⠇ OpenAlex downloading [578/1315] ■■■■■■■■■■■■■■                    44% ETA: 36m
⠏ OpenAlex downloading [579/1315] ■■■■■■■■■■■■■■                    44% ETA: 36m
⠋ OpenAlex downloading [580/1315] ■■■■■■■■■■■■■■                    44% ETA: 36m
⠙ OpenAlex downloading [581/1315] ■■■■■■■■■■■■■■                    44% ETA: 36m
⠹ OpenAlex downloading [582/1315] ■■■■■■■■■■■■■■                    44% ETA: 36m
⠸ OpenAlex downloading [583/1315] ■■■■■■■■■■■■■■                    44% ETA: 36m
⠼ OpenAlex downloading [584/1315] ■■■■■■■■■■■■■■                    44% ETA: 36m
⠴ OpenAlex downloading [586/1315] ■■■■■■■■■■■■■■                    45% ETA: 36m
⠦ OpenAlex downloading [587/1315] ■■■■■■■■■■■■■■                    45% ETA: 36m
⠧ OpenAlex downloading [588/1315] ■■■■■■■■■■■■■■                    45% ETA: 36m
⠇ OpenAlex downloading [589/1315] ■■■■■■■■■■■■■■                    45% ETA: 36m
⠏ OpenAlex downloading [590/1315] ■■■■■■■■■■■■■■                    45% ETA: 36m
⠋ OpenAlex downloading [591/1315] ■■■■■■■■■■■■■■                    45% ETA: 36m
⠙ OpenAlex downloading [592/1315] ■■■■■■■■■■■■■■■                   45% ETA: 36m
⠹ OpenAlex downloading [593/1315] ■■■■■■■■■■■■■■■                   45% ETA: 36m
⠸ OpenAlex downloading [594/1315] ■■■■■■■■■■■■■■■                   45% ETA: 36m
⠼ OpenAlex downloading [595/1315] ■■■■■■■■■■■■■■■                   45% ETA: 36m
⠴ OpenAlex downloading [596/1315] ■■■■■■■■■■■■■■■                   45% ETA: 36m
⠦ OpenAlex downloading [597/1315] ■■■■■■■■■■■■■■■                   45% ETA: 36m
⠧ OpenAlex downloading [598/1315] ■■■■■■■■■■■■■■■                   45% ETA: 36m
⠇ OpenAlex downloading [599/1315] ■■■■■■■■■■■■■■■                   46% ETA: 36m
⠏ OpenAlex downloading [600/1315] ■■■■■■■■■■■■■■■                   46% ETA: 36m
⠋ OpenAlex downloading [601/1315] ■■■■■■■■■■■■■■■                   46% ETA: 36m
⠙ OpenAlex downloading [603/1315] ■■■■■■■■■■■■■■■                   46% ETA: 36m
⠹ OpenAlex downloading [604/1315] ■■■■■■■■■■■■■■■                   46% ETA: 36m
⠸ OpenAlex downloading [605/1315] ■■■■■■■■■■■■■■■                   46% ETA: 36m
⠼ OpenAlex downloading [606/1315] ■■■■■■■■■■■■■■■                   46% ETA: 36m
⠴ OpenAlex downloading [607/1315] ■■■■■■■■■■■■■■■                   46% ETA: 36m
⠦ OpenAlex downloading [608/1315] ■■■■■■■■■■■■■■■                   46% ETA: 35m
⠧ OpenAlex downloading [609/1315] ■■■■■■■■■■■■■■■                   46% ETA: 35m
⠇ OpenAlex downloading [611/1315] ■■■■■■■■■■■■■■■                   46% ETA: 35m
⠏ OpenAlex downloading [612/1315] ■■■■■■■■■■■■■■■                   47% ETA: 35m
⠋ OpenAlex downloading [613/1315] ■■■■■■■■■■■■■■■                   47% ETA: 35m
⠙ OpenAlex downloading [614/1315] ■■■■■■■■■■■■■■■                   47% ETA: 35m
⠹ OpenAlex downloading [615/1315] ■■■■■■■■■■■■■■■                   47% ETA: 35m
⠸ OpenAlex downloading [616/1315] ■■■■■■■■■■■■■■■                   47% ETA: 35m
⠼ OpenAlex downloading [617/1315] ■■■■■■■■■■■■■■■                   47% ETA: 35m
⠴ OpenAlex downloading [618/1315] ■■■■■■■■■■■■■■■                   47% ETA: 35m
⠦ OpenAlex downloading [619/1315] ■■■■■■■■■■■■■■■                   47% ETA: 35m
⠧ OpenAlex downloading [620/1315] ■■■■■■■■■■■■■■■                   47% ETA: 35m
⠇ OpenAlex downloading [621/1315] ■■■■■■■■■■■■■■■                   47% ETA: 35m
⠏ OpenAlex downloading [622/1315] ■■■■■■■■■■■■■■■                   47% ETA: 35m
⠋ OpenAlex downloading [623/1315] ■■■■■■■■■■■■■■■                   47% ETA: 35m
⠙ OpenAlex downloading [624/1315] ■■■■■■■■■■■■■■■                   47% ETA: 35m
⠹ OpenAlex downloading [625/1315] ■■■■■■■■■■■■■■■                   48% ETA: 35m
⠸ OpenAlex downloading [626/1315] ■■■■■■■■■■■■■■■                   48% ETA: 35m
⠼ OpenAlex downloading [627/1315] ■■■■■■■■■■■■■■■                   48% ETA: 35m
⠴ OpenAlex downloading [628/1315] ■■■■■■■■■■■■■■■                   48% ETA: 35m
⠦ OpenAlex downloading [629/1315] ■■■■■■■■■■■■■■■                   48% ETA: 35m
⠧ OpenAlex downloading [630/1315] ■■■■■■■■■■■■■■■                   48% ETA: 35m
⠇ OpenAlex downloading [632/1315] ■■■■■■■■■■■■■■■                   48% ETA: 34m
⠏ OpenAlex downloading [633/1315] ■■■■■■■■■■■■■■■                   48% ETA: 34m
⠋ OpenAlex downloading [634/1315] ■■■■■■■■■■■■■■■                   48% ETA: 34m
⠙ OpenAlex downloading [635/1315] ■■■■■■■■■■■■■■■                   48% ETA: 34m
⠹ OpenAlex downloading [636/1315] ■■■■■■■■■■■■■■■■                  48% ETA: 34m
⠸ OpenAlex downloading [637/1315] ■■■■■■■■■■■■■■■■                  48% ETA: 34m
⠼ OpenAlex downloading [638/1315] ■■■■■■■■■■■■■■■■                  49% ETA: 34m
⠴ OpenAlex downloading [639/1315] ■■■■■■■■■■■■■■■■                  49% ETA: 34m
⠦ OpenAlex downloading [640/1315] ■■■■■■■■■■■■■■■■                  49% ETA: 34m
⠧ OpenAlex downloading [641/1315] ■■■■■■■■■■■■■■■■                  49% ETA: 34m
⠇ OpenAlex downloading [642/1315] ■■■■■■■■■■■■■■■■                  49% ETA: 34m
⠏ OpenAlex downloading [643/1315] ■■■■■■■■■■■■■■■■                  49% ETA: 34m
⠋ OpenAlex downloading [644/1315] ■■■■■■■■■■■■■■■■                  49% ETA: 34m
⠙ OpenAlex downloading [645/1315] ■■■■■■■■■■■■■■■■                  49% ETA: 34m
⠹ OpenAlex downloading [646/1315] ■■■■■■■■■■■■■■■■                  49% ETA: 34m
⠸ OpenAlex downloading [647/1315] ■■■■■■■■■■■■■■■■                  49% ETA: 34m
⠼ OpenAlex downloading [648/1315] ■■■■■■■■■■■■■■■■                  49% ETA: 34m
⠴ OpenAlex downloading [649/1315] ■■■■■■■■■■■■■■■■                  49% ETA: 34m
⠦ OpenAlex downloading [650/1315] ■■■■■■■■■■■■■■■■                  49% ETA: 34m
⠧ OpenAlex downloading [651/1315] ■■■■■■■■■■■■■■■■                  50% ETA: 34m
⠇ OpenAlex downloading [652/1315] ■■■■■■■■■■■■■■■■                  50% ETA: 34m
⠏ OpenAlex downloading [653/1315] ■■■■■■■■■■■■■■■■                  50% ETA: 34m
⠋ OpenAlex downloading [654/1315] ■■■■■■■■■■■■■■■■                  50% ETA: 34m
⠙ OpenAlex downloading [655/1315] ■■■■■■■■■■■■■■■■                  50% ETA: 34m
⠹ OpenAlex downloading [656/1315] ■■■■■■■■■■■■■■■■                  50% ETA: 33m
⠸ OpenAlex downloading [657/1315] ■■■■■■■■■■■■■■■■                  50% ETA: 33m
⠼ OpenAlex downloading [658/1315] ■■■■■■■■■■■■■■■■                  50% ETA: 33m
⠴ OpenAlex downloading [659/1315] ■■■■■■■■■■■■■■■■                  50% ETA: 33m
⠦ OpenAlex downloading [661/1315] ■■■■■■■■■■■■■■■■                  50% ETA: 33m
⠧ OpenAlex downloading [662/1315] ■■■■■■■■■■■■■■■■                  50% ETA: 34m
⠇ OpenAlex downloading [663/1315] ■■■■■■■■■■■■■■■■                  50% ETA: 34m
⠏ OpenAlex downloading [665/1315] ■■■■■■■■■■■■■■■■                  51% ETA: 34m
⠋ OpenAlex downloading [666/1315] ■■■■■■■■■■■■■■■■                  51% ETA: 34m
⠙ OpenAlex downloading [668/1315] ■■■■■■■■■■■■■■■■                  51% ETA: 34m
⠹ OpenAlex downloading [669/1315] ■■■■■■■■■■■■■■■■                  51% ETA: 34m
⠸ OpenAlex downloading [670/1315] ■■■■■■■■■■■■■■■■                  51% ETA: 34m
⠼ OpenAlex downloading [671/1315] ■■■■■■■■■■■■■■■■                  51% ETA: 33m
⠴ OpenAlex downloading [672/1315] ■■■■■■■■■■■■■■■■                  51% ETA: 33m
⠦ OpenAlex downloading [673/1315] ■■■■■■■■■■■■■■■■                  51% ETA: 33m
⠧ OpenAlex downloading [674/1315] ■■■■■■■■■■■■■■■■                  51% ETA: 33m
⠇ OpenAlex downloading [675/1315] ■■■■■■■■■■■■■■■■                  51% ETA: 33m
⠏ OpenAlex downloading [676/1315] ■■■■■■■■■■■■■■■■                  51% ETA: 33m
⠋ OpenAlex downloading [677/1315] ■■■■■■■■■■■■■■■■                  51% ETA: 33m
⠙ OpenAlex downloading [678/1315] ■■■■■■■■■■■■■■■■                  52% ETA: 33m
⠹ OpenAlex downloading [679/1315] ■■■■■■■■■■■■■■■■                  52% ETA: 33m
⠸ OpenAlex downloading [680/1315] ■■■■■■■■■■■■■■■■■                 52% ETA: 33m
⠼ OpenAlex downloading [681/1315] ■■■■■■■■■■■■■■■■■                 52% ETA: 33m
⠴ OpenAlex downloading [682/1315] ■■■■■■■■■■■■■■■■■                 52% ETA: 33m
⠦ OpenAlex downloading [684/1315] ■■■■■■■■■■■■■■■■■                 52% ETA: 33m
⠧ OpenAlex downloading [685/1315] ■■■■■■■■■■■■■■■■■                 52% ETA: 33m
⠇ OpenAlex downloading [686/1315] ■■■■■■■■■■■■■■■■■                 52% ETA: 33m
⠏ OpenAlex downloading [687/1315] ■■■■■■■■■■■■■■■■■                 52% ETA: 33m
⠋ OpenAlex downloading [688/1315] ■■■■■■■■■■■■■■■■■                 52% ETA: 33m
⠙ OpenAlex downloading [689/1315] ■■■■■■■■■■■■■■■■■                 52% ETA: 32m
⠹ OpenAlex downloading [691/1315] ■■■■■■■■■■■■■■■■■                 53% ETA: 32m
⠸ OpenAlex downloading [692/1315] ■■■■■■■■■■■■■■■■■                 53% ETA: 32m
⠼ OpenAlex downloading [693/1315] ■■■■■■■■■■■■■■■■■                 53% ETA: 32m
⠴ OpenAlex downloading [694/1315] ■■■■■■■■■■■■■■■■■                 53% ETA: 32m
⠦ OpenAlex downloading [695/1315] ■■■■■■■■■■■■■■■■■                 53% ETA: 32m
⠧ OpenAlex downloading [696/1315] ■■■■■■■■■■■■■■■■■                 53% ETA: 32m
⠇ OpenAlex downloading [698/1315] ■■■■■■■■■■■■■■■■■                 53% ETA: 32m
⠏ OpenAlex downloading [699/1315] ■■■■■■■■■■■■■■■■■                 53% ETA: 32m
⠋ OpenAlex downloading [700/1315] ■■■■■■■■■■■■■■■■■                 53% ETA: 32m
⠙ OpenAlex downloading [701/1315] ■■■■■■■■■■■■■■■■■                 53% ETA: 32m
⠹ OpenAlex downloading [703/1315] ■■■■■■■■■■■■■■■■■                 53% ETA: 32m
⠸ OpenAlex downloading [704/1315] ■■■■■■■■■■■■■■■■■                 54% ETA: 32m
⠼ OpenAlex downloading [705/1315] ■■■■■■■■■■■■■■■■■                 54% ETA: 32m
⠴ OpenAlex downloading [706/1315] ■■■■■■■■■■■■■■■■■                 54% ETA: 32m
⠦ OpenAlex downloading [707/1315] ■■■■■■■■■■■■■■■■■                 54% ETA: 32m
⠧ OpenAlex downloading [708/1315] ■■■■■■■■■■■■■■■■■                 54% ETA: 32m
⠇ OpenAlex downloading [710/1315] ■■■■■■■■■■■■■■■■■                 54% ETA: 32m
⠏ OpenAlex downloading [711/1315] ■■■■■■■■■■■■■■■■■                 54% ETA: 32m
⠋ OpenAlex downloading [712/1315] ■■■■■■■■■■■■■■■■■                 54% ETA: 32m
⠙ OpenAlex downloading [713/1315] ■■■■■■■■■■■■■■■■■                 54% ETA: 32m
⠹ OpenAlex downloading [714/1315] ■■■■■■■■■■■■■■■■■                 54% ETA: 32m
⠸ OpenAlex downloading [715/1315] ■■■■■■■■■■■■■■■■■                 54% ETA: 32m
⠼ OpenAlex downloading [716/1315] ■■■■■■■■■■■■■■■■■                 54% ETA: 32m
⠴ OpenAlex downloading [717/1315] ■■■■■■■■■■■■■■■■■                 55% ETA: 32m
⠦ OpenAlex downloading [718/1315] ■■■■■■■■■■■■■■■■■                 55% ETA: 31m
⠧ OpenAlex downloading [719/1315] ■■■■■■■■■■■■■■■■■                 55% ETA: 31m
⠇ OpenAlex downloading [720/1315] ■■■■■■■■■■■■■■■■■                 55% ETA: 31m
⠏ OpenAlex downloading [722/1315] ■■■■■■■■■■■■■■■■■                 55% ETA: 31m
⠋ OpenAlex downloading [723/1315] ■■■■■■■■■■■■■■■■■                 55% ETA: 31m
⠙ OpenAlex downloading [724/1315] ■■■■■■■■■■■■■■■■■■                55% ETA: 31m
⠹ OpenAlex downloading [726/1315] ■■■■■■■■■■■■■■■■■■                55% ETA: 31m
⠸ OpenAlex downloading [727/1315] ■■■■■■■■■■■■■■■■■■                55% ETA: 31m
⠼ OpenAlex downloading [728/1315] ■■■■■■■■■■■■■■■■■■                55% ETA: 31m
⠴ OpenAlex downloading [729/1315] ■■■■■■■■■■■■■■■■■■                55% ETA: 31m
⠦ OpenAlex downloading [730/1315] ■■■■■■■■■■■■■■■■■■                56% ETA: 31m
⠧ OpenAlex downloading [731/1315] ■■■■■■■■■■■■■■■■■■                56% ETA: 31m
⠇ OpenAlex downloading [733/1315] ■■■■■■■■■■■■■■■■■■                56% ETA: 31m
⠏ OpenAlex downloading [734/1315] ■■■■■■■■■■■■■■■■■■                56% ETA: 31m
⠋ OpenAlex downloading [735/1315] ■■■■■■■■■■■■■■■■■■                56% ETA: 31m
⠙ OpenAlex downloading [736/1315] ■■■■■■■■■■■■■■■■■■                56% ETA: 30m
⠹ OpenAlex downloading [737/1315] ■■■■■■■■■■■■■■■■■■                56% ETA: 30m
⠸ OpenAlex downloading [738/1315] ■■■■■■■■■■■■■■■■■■                56% ETA: 30m
⠼ OpenAlex downloading [739/1315] ■■■■■■■■■■■■■■■■■■                56% ETA: 30m
⠴ OpenAlex downloading [740/1315] ■■■■■■■■■■■■■■■■■■                56% ETA: 30m
⠦ OpenAlex downloading [741/1315] ■■■■■■■■■■■■■■■■■■                56% ETA: 30m
⠧ OpenAlex downloading [742/1315] ■■■■■■■■■■■■■■■■■■                56% ETA: 30m
⠇ OpenAlex downloading [744/1315] ■■■■■■■■■■■■■■■■■■                57% ETA: 30m
⠏ OpenAlex downloading [745/1315] ■■■■■■■■■■■■■■■■■■                57% ETA: 30m
⠋ OpenAlex downloading [746/1315] ■■■■■■■■■■■■■■■■■■                57% ETA: 30m
⠙ OpenAlex downloading [747/1315] ■■■■■■■■■■■■■■■■■■                57% ETA: 30m
⠹ OpenAlex downloading [748/1315] ■■■■■■■■■■■■■■■■■■                57% ETA: 30m
⠸ OpenAlex downloading [750/1315] ■■■■■■■■■■■■■■■■■■                57% ETA: 30m
⠼ OpenAlex downloading [751/1315] ■■■■■■■■■■■■■■■■■■                57% ETA: 30m
⠴ OpenAlex downloading [752/1315] ■■■■■■■■■■■■■■■■■■                57% ETA: 30m
⠦ OpenAlex downloading [753/1315] ■■■■■■■■■■■■■■■■■■                57% ETA: 30m
⠧ OpenAlex downloading [755/1315] ■■■■■■■■■■■■■■■■■■                57% ETA: 30m
⠇ OpenAlex downloading [757/1315] ■■■■■■■■■■■■■■■■■■                58% ETA: 29m
⠏ OpenAlex downloading [758/1315] ■■■■■■■■■■■■■■■■■■                58% ETA: 29m
⠋ OpenAlex downloading [759/1315] ■■■■■■■■■■■■■■■■■■                58% ETA: 29m
⠙ OpenAlex downloading [760/1315] ■■■■■■■■■■■■■■■■■■                58% ETA: 29m
⠹ OpenAlex downloading [761/1315] ■■■■■■■■■■■■■■■■■■                58% ETA: 29m
⠸ OpenAlex downloading [762/1315] ■■■■■■■■■■■■■■■■■■                58% ETA: 29m
⠼ OpenAlex downloading [763/1315] ■■■■■■■■■■■■■■■■■■                58% ETA: 29m
⠴ OpenAlex downloading [764/1315] ■■■■■■■■■■■■■■■■■■                58% ETA: 29m
⠦ OpenAlex downloading [765/1315] ■■■■■■■■■■■■■■■■■■                58% ETA: 29m
⠧ OpenAlex downloading [766/1315] ■■■■■■■■■■■■■■■■■■                58% ETA: 29m
⠇ OpenAlex downloading [767/1315] ■■■■■■■■■■■■■■■■■■                58% ETA: 29m
⠏ OpenAlex downloading [768/1315] ■■■■■■■■■■■■■■■■■■■               58% ETA: 29m
⠋ OpenAlex downloading [769/1315] ■■■■■■■■■■■■■■■■■■■               58% ETA: 29m
⠙ OpenAlex downloading [770/1315] ■■■■■■■■■■■■■■■■■■■               59% ETA: 29m
⠹ OpenAlex downloading [771/1315] ■■■■■■■■■■■■■■■■■■■               59% ETA: 29m
⠸ OpenAlex downloading [772/1315] ■■■■■■■■■■■■■■■■■■■               59% ETA: 29m
⠼ OpenAlex downloading [774/1315] ■■■■■■■■■■■■■■■■■■■               59% ETA: 28m
⠴ OpenAlex downloading [775/1315] ■■■■■■■■■■■■■■■■■■■               59% ETA: 28m
⠦ OpenAlex downloading [776/1315] ■■■■■■■■■■■■■■■■■■■               59% ETA: 28m
⠧ OpenAlex downloading [777/1315] ■■■■■■■■■■■■■■■■■■■               59% ETA: 28m
⠇ OpenAlex downloading [778/1315] ■■■■■■■■■■■■■■■■■■■               59% ETA: 28m
⠏ OpenAlex downloading [779/1315] ■■■■■■■■■■■■■■■■■■■               59% ETA: 28m
⠋ OpenAlex downloading [780/1315] ■■■■■■■■■■■■■■■■■■■               59% ETA: 28m
⠙ OpenAlex downloading [781/1315] ■■■■■■■■■■■■■■■■■■■               59% ETA: 28m
⠹ OpenAlex downloading [782/1315] ■■■■■■■■■■■■■■■■■■■               59% ETA: 28m
⠸ OpenAlex downloading [783/1315] ■■■■■■■■■■■■■■■■■■■               60% ETA: 28m
⠼ OpenAlex downloading [784/1315] ■■■■■■■■■■■■■■■■■■■               60% ETA: 28m
⠴ OpenAlex downloading [785/1315] ■■■■■■■■■■■■■■■■■■■               60% ETA: 28m
⠦ OpenAlex downloading [786/1315] ■■■■■■■■■■■■■■■■■■■               60% ETA: 28m
⠧ OpenAlex downloading [787/1315] ■■■■■■■■■■■■■■■■■■■               60% ETA: 28m
